<?xml version="1.0" encoding="UTF-8"?>
<testng-results skipped="0" failed="0" total="1" passed="1">
  <reporter-output>
    <line>
      <![CDATA[Page title is not matched]]>
    </line>
    <line>
      <![CDATA[Page title is not matched]]>
    </line>
    <line>
      <![CDATA[Page title is not matched]]>
    </line>
    <line>
      <![CDATA[Page title is not matched]]>
    </line>
    <line>
      <![CDATA[Page title is not matched]]>
    </line>
    <line>
      <![CDATA[Page title is not matched]]>
    </line>
    <line>
      <![CDATA[Page title is not matched]]>
    </line>
    <line>
      <![CDATA[Page title is not matched]]>
    </line>
    <line>
      <![CDATA[Page title is not matched]]>
    </line>
    <line>
      <![CDATA[Page title is not matched]]>
    </line>
    <line>
      <![CDATA[Page title is not matched]]>
    </line>
    <line>
      <![CDATA[Page title is not matched]]>
    </line>
    <line>
      <![CDATA[Page title is not matched]]>
    </line>
    <line>
      <![CDATA[Page title is not matched]]>
    </line>
    <line>
      <![CDATA[Page title is not matched]]>
    </line>
    <line>
      <![CDATA[Page title is not matched]]>
    </line>
  </reporter-output>
  <suite name="Suite" duration-ms="28670" started-at="2018-05-18T05:40:42Z" finished-at="2018-05-18T05:41:10Z">
    <groups>
    </groups>
    <test name="Test" duration-ms="28670" started-at="2018-05-18T05:40:42Z" finished-at="2018-05-18T05:41:10Z">
      <class name="com.sequretek.redbus.Assignment1.TestingDropDownTest">
        <test-method status="PASS" signature="menuDataprovider()[pri:0, instance:com.sequretek.redbus.Assignment1.TestingDropDownTest@1753acfe]" name="menuDataprovider" is-config="true" duration-ms="10" started-at="2018-05-18T11:10:42Z" finished-at="2018-05-18T11:10:42Z">
          <reporter-output>
          </reporter-output>
        </test-method> <!-- menuDataprovider -->
        <test-method status="PASS" signature="openBroser()[pri:0, instance:com.sequretek.redbus.Assignment1.TestingDropDownTest@1753acfe]" name="openBroser" is-config="true" duration-ms="12962" started-at="2018-05-18T11:10:42Z" finished-at="2018-05-18T11:10:55Z">
          <reporter-output>
          </reporter-output>
        </test-method> <!-- openBroser -->
        <test-method status="PASS" signature="menuItem()[pri:0, instance:com.sequretek.redbus.Assignment1.TestingDropDownTest@1753acfe]" name="menuItem" duration-ms="14543" started-at="2018-05-18T11:10:55Z" finished-at="2018-05-18T11:11:09Z">
          <reporter-output>
            <line>
              <![CDATA[Page title is not matched]]>
            </line>
            <line>
              <![CDATA[Page title is not matched]]>
            </line>
            <line>
              <![CDATA[Page title is not matched]]>
            </line>
            <line>
              <![CDATA[Page title is not matched]]>
            </line>
            <line>
              <![CDATA[Page title is not matched]]>
            </line>
            <line>
              <![CDATA[Page title is not matched]]>
            </line>
            <line>
              <![CDATA[Page title is not matched]]>
            </line>
            <line>
              <![CDATA[Page title is not matched]]>
            </line>
            <line>
              <![CDATA[Page title is not matched]]>
            </line>
            <line>
              <![CDATA[Page title is not matched]]>
            </line>
            <line>
              <![CDATA[Page title is not matched]]>
            </line>
            <line>
              <![CDATA[Page title is not matched]]>
            </line>
            <line>
              <![CDATA[Page title is not matched]]>
            </line>
            <line>
              <![CDATA[Page title is not matched]]>
            </line>
            <line>
              <![CDATA[Page title is not matched]]>
            </line>
            <line>
              <![CDATA[Page title is not matched]]>
            </line>
          </reporter-output>
        </test-method> <!-- menuItem -->
        <test-method status="FAIL" signature="TearDown()[pri:0, instance:com.sequretek.redbus.Assignment1.TestingDropDownTest@1753acfe]" name="TearDown" is-config="true" duration-ms="0" started-at="2018-05-18T11:11:09Z" finished-at="2018-05-18T11:11:09Z">
          <exception class="org.openqa.selenium.remote.SessionNotFoundException">
            <message>
              <![CDATA[The FirefoxDriver cannot be used after quit() was called.
Build info: version: '2.53.0', revision: '35ae25b1534ae328c771e0856c93e187490ca824', time: '2016-03-15 10:43:46'
System info: host: 'LAPTOP-H5PVVSBB', ip: '192.168.1.101', os.name: 'Windows 10', os.arch: 'amd64', os.version: '10.0', java.version: '1.8.0_144'
Driver info: driver.version: RemoteWebDriver]]>
            </message>
            <full-stacktrace>
              <![CDATA[org.openqa.selenium.remote.SessionNotFoundException: The FirefoxDriver cannot be used after quit() was called.
Build info: version: '2.53.0', revision: '35ae25b1534ae328c771e0856c93e187490ca824', time: '2016-03-15 10:43:46'
System info: host: 'LAPTOP-H5PVVSBB', ip: '192.168.1.101', os.name: 'Windows 10', os.arch: 'amd64', os.version: '10.0', java.version: '1.8.0_144'
Driver info: driver.version: RemoteWebDriver
	at org.openqa.selenium.firefox.FirefoxDriver$LazyCommandExecutor.execute(FirefoxDriver.java:377)
	at org.openqa.selenium.remote.RemoteWebDriver.execute(RemoteWebDriver.java:644)
	at org.openqa.selenium.remote.RemoteWebDriver.execute(RemoteWebDriver.java:701)
	at org.openqa.selenium.remote.RemoteWebDriver$RemoteWebDriverOptions.deleteAllCookies(RemoteWebDriver.java:773)
	at com.sequretek.redbus.Assignment1.TestingDropDownTest.TearDown(TestingDropDownTest.java:121)
	at sun.reflect.NativeMethodAccessorImpl.invoke0(Native Method)
	at sun.reflect.NativeMethodAccessorImpl.invoke(NativeMethodAccessorImpl.java:62)
	at sun.reflect.DelegatingMethodAccessorImpl.invoke(DelegatingMethodAccessorImpl.java:43)
	at java.lang.reflect.Method.invoke(Method.java:498)
	at org.testng.internal.MethodInvocationHelper.invokeMethod(MethodInvocationHelper.java:80)
	at org.testng.internal.Invoker.invokeConfigurationMethod(Invoker.java:564)
	at org.testng.internal.Invoker.invokeConfigurations(Invoker.java:213)
	at org.testng.internal.Invoker.invokeConfigurations(Invoker.java:138)
	at org.testng.TestRunner.afterRun(TestRunner.java:1021)
	at org.testng.TestRunner.run(TestRunner.java:621)
	at org.testng.SuiteRunner.runTest(SuiteRunner.java:334)
	at org.testng.SuiteRunner.runSequentially(SuiteRunner.java:329)
	at org.testng.SuiteRunner.privateRun(SuiteRunner.java:291)
	at org.testng.SuiteRunner.run(SuiteRunner.java:240)
	at org.testng.SuiteRunnerWorker.runSuite(SuiteRunnerWorker.java:52)
	at org.testng.SuiteRunnerWorker.run(SuiteRunnerWorker.java:86)
	at org.testng.TestNG.runSuitesSequentially(TestNG.java:1198)
	at org.testng.TestNG.runSuitesLocally(TestNG.java:1123)
	at org.testng.TestNG.run(TestNG.java:1031)
	at org.testng.remote.AbstractRemoteTestNG.run(AbstractRemoteTestNG.java:132)
	at org.testng.remote.RemoteTestNG.initAndRun(RemoteTestNG.java:230)
	at org.testng.remote.RemoteTestNG.main(RemoteTestNG.java:76)
]]>
            </full-stacktrace>
          </exception> <!-- org.openqa.selenium.remote.SessionNotFoundException -->
          <reporter-output>
          </reporter-output>
        </test-method> <!-- TearDown -->
      </class> <!-- com.sequretek.redbus.Assignment1.TestingDropDownTest -->
    </test> <!-- Test -->
  </suite> <!-- Suite -->
</testng-results>
